2017-05-18T09:12:32.344-0700 I CONTROL  [initandlisten] MongoDB starting : pid=2170 port=27017 dbpath=/Volumes/G-DRIVE/myDirectory/Udemy_BuildLoginSystem/Project01/mongodb/data/db 64-bit host=Davids-MacBook-Pro-3.local
2017-05-18T09:12:32.344-0700 I CONTROL  [initandlisten] db version v3.4.4
2017-05-18T09:12:32.344-0700 I CONTROL  [initandlisten] git version: 888390515874a9debd1b6c5d36559ca86b44babd
2017-05-18T09:12:32.344-0700 I CONTROL  [initandlisten] OpenSSL version: OpenSSL 1.0.2k  26 Jan 2017
2017-05-18T09:12:32.344-0700 I CONTROL  [initandlisten] allocator: system
2017-05-18T09:12:32.344-0700 I CONTROL  [initandlisten] modules: none
2017-05-18T09:12:32.344-0700 I CONTROL  [initandlisten] build environment:
2017-05-18T09:12:32.344-0700 I CONTROL  [initandlisten]     distarch: x86_64
2017-05-18T09:12:32.344-0700 I CONTROL  [initandlisten]     target_arch: x86_64
2017-05-18T09:12:32.344-0700 I CONTROL  [initandlisten] options: { storage: { dbPath: "/Volumes/G-DRIVE/myDirectory/Udemy_BuildLoginSystem/Project01/mongodb/data/db", directoryPerDB: true }, systemLog: { destination: "file", path: "/Volumes/G-DRIVE/myDirectory/Udemy_BuildLoginSystem/Project01/mongodb/log/mongodb.log" } }
2017-05-18T09:12:32.344-0700 W -        [initandlisten] Detected unclean shutdown - /Volumes/G-DRIVE/myDirectory/Udemy_BuildLoginSystem/Project01/mongodb/data/db/mongod.lock is not empty.
2017-05-18T09:12:32.369-0700 I -        [initandlisten] Detected data files in /Volumes/G-DRIVE/myDirectory/Udemy_BuildLoginSystem/Project01/mongodb/data/db created by the 'wiredTiger' storage engine, so setting the active storage engine to 'wiredTiger'.
2017-05-18T09:12:32.369-0700 W STORAGE  [initandlisten] Recovering data from the last clean checkpoint.
2017-05-18T09:12:32.370-0700 I STORAGE  [initandlisten] wiredtiger_open config: create,cache_size=3584M,session_max=20000,eviction=(threads_min=4,threads_max=4),config_base=false,statistics=(fast),log=(enabled=true,archive=true,path=journal,compressor=snappy),file_manager=(close_idle_time=100000),checkpoint=(wait=60,log_size=2GB),statistics_log=(wait=0),
2017-05-18T09:12:40.028-0700 I CONTROL  [initandlisten] 
2017-05-18T09:12:40.028-0700 I CONTROL  [initandlisten] ** WARNING: Access control is not enabled for the database.
2017-05-18T09:12:40.028-0700 I CONTROL  [initandlisten] **          Read and write access to data and configuration is unrestricted.
2017-05-18T09:12:40.028-0700 I CONTROL  [initandlisten] ** WARNING: You are running this process as the root user, which is not recommended.
2017-05-18T09:12:40.028-0700 I CONTROL  [initandlisten] 
2017-05-18T09:12:40.028-0700 I CONTROL  [initandlisten] 
2017-05-18T09:12:40.028-0700 I CONTROL  [initandlisten] ** WARNING: soft rlimits too low. Number of files is 256, should be at least 1000
2017-05-18T09:12:40.035-0700 I FTDC     [initandlisten] Initializing full-time diagnostic data capture with directory '/Volumes/G-DRIVE/myDirectory/Udemy_BuildLoginSystem/Project01/mongodb/data/db/diagnostic.data'
2017-05-18T09:12:40.035-0700 I NETWORK  [thread1] waiting for connections on port 27017
2017-05-18T09:12:41.119-0700 I FTDC     [ftdc] Unclean full-time diagnostic data capture shutdown detected, found interim file, some metrics may have been lost. OK
2017-05-18T09:12:54.524-0700 I NETWORK  [thread1] connection accepted from 127.0.0.1:49985 #1 (1 connection now open)
2017-05-18T09:12:54.525-0700 I NETWORK  [conn1] received client metadata from 127.0.0.1:49985 conn1: { application: { name: "MongoDB Shell" }, driver: { name: "MongoDB Internal Client", version: "3.4.4" }, os: { type: "Darwin", name: "Mac OS X", architecture: "x86_64", version: "16.5.0" } }
